<?xml version="1.0" encoding="UTF-8"?>
<testsuite name="TestExample" tests="6" skipped="0" failures="0" errors="0" timestamp="2023-02-10T00:27:24" hostname="USRONIPRASLA02" time="0.016">
  <properties/>
  <testcase name="testAddition[0](1, 1, 2)" classname="TestExample" time="0.002"/>
  <testcase name="testAddition[1](2, 2, 4)" classname="TestExample" time="0.0"/>
  <testcase name="testAddition[2](3, 3, 6)" classname="TestExample" time="0.001"/>
  <testcase name="testSubtraction[0](1, 1, 0)" classname="TestExample" time="0.0"/>
  <testcase name="testSubtraction[1](2, 1, 1)" classname="TestExample" time="0.0"/>
  <testcase name="testSubtraction[2](3, 1, 2)" classname="TestExample" time="0.0"/>
  <system-out><![CDATA[BeforeClass: Creating an instance of the calculator
BeforeMethod: Clearing the calculator's state
All cleared
Addition test executed
AfterMethod: Test finished
BeforeMethod: Clearing the calculator's state
All cleared
Addition test executed
AfterMethod: Test finished
BeforeMethod: Clearing the calculator's state
All cleared
Addition test executed
AfterMethod: Test finished
BeforeMethod: Clearing the calculator's state
All cleared
AfterMethod: Test finished
BeforeMethod: Clearing the calculator's state
All cleared
AfterMethod: Test finished
BeforeMethod: Clearing the calculator's state
All cleared
AfterMethod: Test finished
]]></system-out>
  <system-err><![CDATA[]]></system-err>
</testsuite>
