<?xml version="1.0" encoding="UTF-8"?>
<testsuite name="com.ip.BMICalculatorTest" tests="4" skipped="0" failures="0" errors="0" timestamp="2023-02-09T22:10:26" hostname="USRONIPRASLA02" time="0.022">
  <properties/>
  <testcase name="testFindCoderWithWorstBMIWhenCoderListIsNotEmpty()" classname="com.ip.BMICalculatorTest" time="0.017"/>
  <testcase name="testIsDietRecommendedTrue()" classname="com.ip.BMICalculatorTest" time="0.0"/>
  <testcase name="testIsDietRecommendedException()" classname="com.ip.BMICalculatorTest" time="0.002"/>
  <testcase name="testIsDietRecommendedFalse()" classname="com.ip.BMICalculatorTest" time="0.001"/>
  <system-out><![CDATA[]]></system-out>
  <system-err><![CDATA[]]></system-err>
</testsuite>
